[2025-12-17 23:35:03,813] INFO: User 'יובל' (ID: 3) status changed to 2 by admin.
[2025-12-17 23:35:09,276] INFO: User 'יובל' (ID: 3) status changed to 2 by admin.
[2025-12-17 23:35:17,457] INFO: User 'יובל' (ID: 3) status changed to 2 by admin.
[2025-12-17 23:35:47,986] INFO: User 'רוני' (ID: 2) status changed to 1 by admin.
[2025-12-17 23:36:52,611] INFO: User 'יוסי' (ID: 5) status changed to 0 by admin.
[2025-12-17 23:37:11,477] INFO: User 'איתי' (ID: 4) status changed to 0 by admin.
[2025-12-17 23:43:57,785] INFO: User 'יובל' (ID: 3) status changed to 2 by admin.
[2025-12-17 23:47:21,419] INFO: User 'יובל' (ID: 3) status changed to 2 by admin.
[2025-12-17 23:50:38,005] INFO: User 'יובל' (ID: 3) status changed to 2 by admin.
[2025-12-17 23:50:58,412] INFO: User 'יובל' (ID: 3) status changed to 2 by admin.
[2025-12-17 23:52:02,005] INFO: User 'יובל' (ID: 3) status changed to 2 by admin.
[2025-12-18 14:23:46,994] INFO: User 'שחר יהודה יאני' (ID: 1) logged in successfully.
[2025-12-18 16:37:17,597] INFO: User 'שחר יהודה יאני' (ID: 1) logged out successfully.
[2025-12-18 21:04:46,938] INFO: User 'שחר יהודה יאני' (ID: 1) logged in successfully.
[2025-12-18 22:18:43,132] INFO: User 'שחר יהודה יאני' (ID: 1) logged out successfully.
[2025-12-18 22:18:48,140] INFO: User 'שחר יהודה יאני' (ID: 1) logged in successfully.
[2025-12-19 00:06:15,328] INFO: User 'שחר יהודה יאני' (ID: 1) logged out successfully.
[2025-12-19 00:07:23,758] INFO: User 'שחר יהודה יאני' (ID: 1) logged in successfully.
[2025-12-19 00:15:23,572] INFO: User 'שחר יהודה יאני' (ID: 1) logged out successfully.
[2025-12-20 15:55:29,044] INFO: User 'שחר יהודה יאני' (ID: 1) logged in successfully.
